<?xml version="1.0" encoding="UTF-8"?>
<testExecutions version="1">
  <file path="./spec/models/article_spec.rb">
    <testCase name="is expected to belong to category required: true" duration="247" />
    <testCase name="is expected to belong to post required: true" duration="15" />
  </file>
  <file path="./spec/models/category_spec.rb">
    <testCase name="is valid with valid attributes" duration="33" />
    <testCase name="is not valid without a name" duration="16" />
  </file>
  <file path="./spec/models/post_spec.rb">
    <testCase name="is valid with attributes" duration="109" />
    <testCase name="is not valid without title" duration="48" />
    <testCase name="is not valid without content" duration="48" />
    <testCase name="is not valid without published" duration="52" />
    <testCase name="is not valid without published_at" duration="47" />
    <testCase name="is expected to belong to user required: true" duration="51" />
    <testCase name="is expected to have many categories" duration="31" />
  </file>
  <file path="./spec/models/user_spec.rb">
    <testCase name="is valid with valid attributes" duration="225" />
    <testCase name="is not valid without a name" duration="230" />
    <testCase name="is not valid without an email" duration="217" />
    <testCase name="is not valid without a password" duration="220" />
    <testCase name="is expected to allow :email to be ‹&apos;user@example.com&apos;›" duration="217" />
    <testCase name="is expected not to allow :email to be ‹&apos;not-an-email&apos;›" duration="220" />
    <testCase name="is expected to have many posts" duration="213" />
  </file>
  <file path="./spec/requests/articles_request_spec.rb">
    <testCase name="show articles from category" duration="83" />
    <testCase name="show article" duration="325" />
    <testCase name="show category" duration="60" />
    <testCase name="show categories" duration="77" />
  </file>
  <file path="./spec/requests/authorization_request_spec.rb">
    <testCase name="gives you an authentication code if you are an existing user and you satisfy the password" duration="510" />
  </file>
  <file path="./spec/requests/categories_request_spec.rb">
    <testCase name="get all categories" duration="520" />
    <testCase name="create a category" duration="523" />
    <testCase name="cannot create a category with wrong parameter" duration="513" />
    <testCase name="show a category" duration="548" />
    <testCase name="update a category name" duration="552" />
    <testCase name="destroy a category" duration="562" />
  </file>
  <file path="./spec/requests/posts_request_spec.rb">
    <testCase name="get all posts from index" duration="513" />
    <testCase name="create a post" duration="599" />
    <testCase name="not create with wrong parameter" duration="550" />
    <testCase name="show a post" duration="795" />
    <testCase name="not show a wrong post" duration="495" />
    <testCase name="update a post" duration="863" />
    <testCase name="update a post with wrong parameters" duration="815" />
    <testCase name="not update a wrong post" duration="525" />
    <testCase name="publish a post" duration="843" />
    <testCase name="publish a wrong post" duration="522" />
    <testCase name="destroy a post" duration="848" />
    <testCase name="not destroy a wrong post" duration="508" />
  </file>
  <file path="./spec/requests/users_request_spec.rb">
    <testCase name="show current user" duration="503" />
  </file>
</testExecutions>
