<?xml version="1.0" encoding="UTF-8"?>
<testExecutions version="1">
  <file path="./spec/requests/posts_request_spec.rb">
    <testCase name="get all posts from index" duration="630" />
    <testCase name="create a post" duration="905" />
    <testCase name="not create with wrong parameter" duration="533" />
    <testCase name="show a post" duration="798" />
    <testCase name="not show a wrong post" duration="504" />
    <testCase name="update a post" duration="839" />
    <testCase name="update a post with wrong parameters" duration="830" />
    <testCase name="not update a wrong post" duration="538" />
    <testCase name="publish a post" duration="813" />
    <testCase name="publish a wrong post" duration="503" />
    <testCase name="destroy a post" duration="824" />
    <testCase name="not destroy a wrong post" duration="502" />
  </file>
</testExecutions>
